2018-12-17 01:47:59,198 tasks_main.py INFO     utils        [line:35]  program is runing now !
2018-12-17 01:50:26,193 tasks_main.py INFO     utils        [line:73]  当前最新数据时间 2018-12-17 01:50:00
2018-12-17 01:50:26,193 tasks_main.py INFO     utils        [line:74]  当前交易信号为:nan
2018-12-17 01:50:26,194 tasks_main.py INFO     utils        [line:75]  前一刻理论持仓为:0.0
2018-12-17 01:50:34,941 orders.py INFO     utils        [line:92]  当前无持仓
2018-12-17 01:50:55,315 orders.py INFO     utils        [line:19]  下单 order_type limit, buy_or_sell sell, symbol ETH/USDT, price 87.3279, amount 19.04545969844689
2018-12-17 01:51:05,420 orders.py INFO     utils        [line:43]  下单信息：{'info': {'id': 20397942156, 'cid': 64265198308, 'cid_date': '2018-12-16', 'gid': None, 'symbol': 'ethusd', 'exchange': 'bitfinex', 'price': '87.328', 'avg_execution_price': '0.0', 'side': 'sell', 'type': 'limit', 'timestamp': '1544982665.214541746', 'is_live': True, 'is_cancelled': False, 'is_hidden': False, 'oco_order': None, 'was_forced': False, 'original_amount': '19.045', 'remaining_amount': '19.045', 'executed_amount': '0.0', 'src': 'api', 'order_id': 20397942156}, 'id': '20397942156', 'timestamp': 1544982665214, 'datetime': '2018-12-16T17:51:05.214Z', 'lastTradeTimestamp': None, 'symbol': 'ETH/USDT', 'type': 'limit', 'side': 'sell', 'price': 87.328, 'average': 0.0, 'amount': 19.045, 'remaining': 19.045, 'filled': 0.0, 'status': 'open', 'fee': None}
2018-12-17 01:51:05,421 orders.py INFO     utils        [line:141]  已下空单
2018-12-17 01:51:26,262 orders.py INFO     utils        [line:19]  下单 order_type limit, buy_or_sell sell, symbol ETH/USDT, price 87.3279, amount 6.886677390669992
2018-12-17 01:51:35,957 orders.py INFO     utils        [line:43]  下单信息：{'info': {'id': 20397954897, 'cid': 64295703225, 'cid_date': '2018-12-16', 'gid': None, 'symbol': 'ethusd', 'exchange': 'bitfinex', 'price': '87.328', 'avg_execution_price': '0.0', 'side': 'sell', 'type': 'limit', 'timestamp': '1544982695.714715323', 'is_live': True, 'is_cancelled': False, 'is_hidden': False, 'oco_order': None, 'was_forced': False, 'original_amount': '6.8866', 'remaining_amount': '6.8866', 'executed_amount': '0.0', 'src': 'api', 'order_id': 20397954897}, 'id': '20397954897', 'timestamp': 1544982695714, 'datetime': '2018-12-16T17:51:35.714Z', 'lastTradeTimestamp': None, 'symbol': 'ETH/USDT', 'type': 'limit', 'side': 'sell', 'price': 87.328, 'average': 0.0, 'amount': 6.8866, 'remaining': 6.8866, 'filled': 0.0, 'status': 'open', 'fee': None}
2018-12-17 01:51:35,958 orders.py INFO     utils        [line:141]  已下空单
2018-12-17 01:51:57,109 orders.py INFO     utils        [line:19]  下单 order_type limit, buy_or_sell sell, symbol ETH/USDT, price 87.3279, amount 2.4901076746287267
2018-12-17 01:52:06,385 orders.py INFO     utils        [line:43]  下单信息：{'info': {'id': 20397966694, 'cid': 64326217885, 'cid_date': '2018-12-16', 'gid': None, 'symbol': 'ethusd', 'exchange': 'bitfinex', 'price': '87.328', 'avg_execution_price': '0.0', 'side': 'sell', 'type': 'limit', 'timestamp': '1544982726.230153499', 'is_live': True, 'is_cancelled': False, 'is_hidden': False, 'oco_order': None, 'was_forced': False, 'original_amount': '2.4901', 'remaining_amount': '2.4901', 'executed_amount': '0.0', 'src': 'api', 'order_id': 20397966694}, 'id': '20397966694', 'timestamp': 1544982726230, 'datetime': '2018-12-16T17:52:06.230Z', 'lastTradeTimestamp': None, 'symbol': 'ETH/USDT', 'type': 'limit', 'side': 'sell', 'price': 87.328, 'average': 0.0, 'amount': 2.4901, 'remaining': 2.4901, 'filled': 0.0, 'status': 'open', 'fee': None}
2018-12-17 01:52:06,387 orders.py INFO     utils        [line:141]  已下空单
2018-12-17 01:52:26,849 orders.py INFO     utils        [line:19]  下单 order_type limit, buy_or_sell sell, symbol ETH/USDT, price 87.3279, amount 0.9003684347919739
2018-12-17 01:52:37,000 orders.py INFO     utils        [line:43]  下单信息：{'info': {'id': 20397977946, 'cid': 64356645997, 'cid_date': '2018-12-16', 'gid': None, 'symbol': 'ethusd', 'exchange': 'bitfinex', 'price': '87.328', 'avg_execution_price': '0.0', 'side': 'sell', 'type': 'limit', 'timestamp': '1544982756.657758804', 'is_live': True, 'is_cancelled': False, 'is_hidden': False, 'oco_order': None, 'was_forced': False, 'original_amount': '0.90036', 'remaining_amount': '0.90036', 'executed_amount': '0.0', 'src': 'api', 'order_id': 20397977946}, 'id': '20397977946', 'timestamp': 1544982756657, 'datetime': '2018-12-16T17:52:36.657Z', 'lastTradeTimestamp': None, 'symbol': 'ETH/USDT', 'type': 'limit', 'side': 'sell', 'price': 87.328, 'average': 0.0, 'amount': 0.90036, 'remaining': 0.90036, 'filled': 0.0, 'status': 'open', 'fee': None}
2018-12-17 01:52:37,000 orders.py INFO     utils        [line:141]  已下空单
2018-12-17 01:52:57,471 orders.py INFO     utils        [line:19]  下单 order_type limit, buy_or_sell sell, symbol ETH/USDT, price 87.3279, amount 0.3255571332842082
2018-12-17 01:53:07,508 orders.py INFO     utils        [line:43]  下单信息：{'info': {'id': 20397988167, 'cid': 64387262725, 'cid_date': '2018-12-16', 'gid': None, 'symbol': 'ethusd', 'exchange': 'bitfinex', 'price': '87.328', 'avg_execution_price': '0.0', 'side': 'sell', 'type': 'limit', 'timestamp': '1544982787.277107578', 'is_live': True, 'is_cancelled': False, 'is_hidden': False, 'oco_order': None, 'was_forced': False, 'original_amount': '0.32555', 'remaining_amount': '0.32555', 'executed_amount': '0.0', 'src': 'api', 'order_id': 20397988167}, 'id': '20397988167', 'timestamp': 1544982787277, 'datetime': '2018-12-16T17:53:07.277Z', 'lastTradeTimestamp': None, 'symbol': 'ETH/USDT', 'type': 'limit', 'side': 'sell', 'price': 87.328, 'average': 0.0, 'amount': 0.32555, 'remaining': 0.32555, 'filled': 0.0, 'status': 'open', 'fee': None}
2018-12-17 01:53:07,509 orders.py INFO     utils        [line:141]  已下空单
2018-12-17 01:53:27,959 orders.py INFO     utils        [line:19]  下单 order_type limit, buy_or_sell sell, symbol ETH/USDT, price 87.3279, amount 0.11771824754562973
2018-12-17 01:53:37,989 orders.py ERROR    utils        [line:47]  下单报错，1s后重试bitfinex {"message":"Invalid order: minimum size for ETHUSD is 0.2"}
2018-12-17 01:53:38,995 orders.py INFO     utils        [line:19]  下单 order_type limit, buy_or_sell sell, symbol ETH/USDT, price 87.3279, amount 0.11771824754562973
2018-12-17 01:53:48,019 orders.py ERROR    utils        [line:47]  下单报错，1s后重试bitfinex {"message":"Invalid order: minimum size for ETHUSD is 0.2"}
2018-12-17 01:53:49,023 orders.py INFO     utils        [line:19]  下单 order_type limit, buy_or_sell sell, symbol ETH/USDT, price 87.3279, amount 0.11771824754562973
2018-12-17 01:53:58,456 orders.py ERROR    utils        [line:47]  下单报错，1s后重试bitfinex {"message":"Invalid order: minimum size for ETHUSD is 0.2"}
2018-12-17 01:53:59,459 orders.py INFO     utils        [line:19]  下单 order_type limit, buy_or_sell sell, symbol ETH/USDT, price 87.3279, amount 0.11771824754562973
2018-12-17 01:54:07,977 orders.py ERROR    utils        [line:47]  下单报错，1s后重试bitfinex {"message":"Invalid order: minimum size for ETHUSD is 0.2"}
2018-12-17 01:54:08,979 orders.py INFO     utils        [line:19]  下单 order_type limit, buy_or_sell sell, symbol ETH/USDT, price 87.3279, amount 0.11771824754562973
2018-12-17 01:54:18,004 orders.py ERROR    utils        [line:47]  下单报错，1s后重试bitfinex {"message":"Invalid order: minimum size for ETHUSD is 0.2"}
2018-12-17 01:54:19,006 orders.py ERROR    utils        [line:50]  下单报错次数过多，程序终止
