2019-03-09 17:56:43,494 tasks_main.py INFO     utils        [line:35]  program is runing now !
2019-03-09 17:56:43,494 utils.py DEBUG    utils        [line:55]  下次运行时间2019-03-09 18:00:00
2019-03-09 17:59:00,494 utils.py DEBUG    utils        [line:55]  下次运行时间2019-03-09 18:00:00
2019-03-09 17:59:00,494 tasks_main.py DEBUG    utils        [line:57]  马上到点，启动高频检测数据[间隔50s]
2019-03-09 17:59:00,494 k_lines.py DEBUG    utils        [line:55]  next data time(1): 2019-03-09 18:00:00
2019-03-09 18:00:00,729 k_lines.py DEBUG    utils        [line:55]  next data time(2): 2019-03-09 18:00:00
2019-03-09 18:00:50,963 k_lines.py DEBUG    utils        [line:55]  next data time(3): 2019-03-09 18:00:00
2019-03-09 18:00:51,213 k_lines.py DEBUG    utils        [line:75]  侦测到最新数据并返回，tail(1)
    candle_begin_time_GMT8    open    high     low      close      volume
999    2019-03-09 18:00:00  140.52  140.98  140.52  140.68471  571.022665
2019-03-09 18:00:51,322 tasks_main.py DEBUG    utils        [line:70]  df_signal tail(3): 
     candle_begin_time_GMT8    open    high     low   close       volume      bbPb  signal  pos
996    2019-03-09 17:15:00  141.05  141.20  140.29  140.60  2168.090815  0.667160     NaN  0.0
997    2019-03-09 17:30:00  140.59  140.82  140.57  140.69   478.306386  0.673361     NaN  0.0
998    2019-03-09 17:45:00  140.65  140.79  140.50  140.52   369.169730  0.655209     NaN  0.0
2019-03-09 18:00:51,338 tasks_main.py INFO     utils        [line:73]  当前最新数据时间 2019-03-09 18:00:00
2019-03-09 18:00:51,338 tasks_main.py INFO     utils        [line:74]  当前交易信号为:nan
2019-03-09 18:00:51,338 tasks_main.py INFO     utils        [line:75]  前一刻理论持仓为:0.0
2019-03-09 18:00:51,338 tasks_main.py DEBUG    utils        [line:82]  ----------group line-------------
2019-03-09 18:00:51,338 utils.py DEBUG    utils        [line:55]  下次运行时间2019-03-09 18:15:00
2019-03-09 18:10:45,338 utils.py DEBUG    utils        [line:55]  下次运行时间2019-03-09 18:15:00
2019-03-09 18:13:43,338 utils.py DEBUG    utils        [line:55]  下次运行时间2019-03-09 18:15:00
2019-03-09 18:14:36,338 utils.py DEBUG    utils        [line:55]  下次运行时间2019-03-09 18:15:00
2019-03-09 18:14:36,338 tasks_main.py DEBUG    utils        [line:57]  马上到点，启动高频检测数据[间隔50s]
2019-03-09 18:14:36,338 k_lines.py DEBUG    utils        [line:55]  next data time(1): 2019-03-09 18:15:00
2019-03-09 18:15:26,619 k_lines.py DEBUG    utils        [line:55]  next data time(2): 2019-03-09 18:15:00
2019-03-09 18:15:26,869 k_lines.py DEBUG    utils        [line:75]  侦测到最新数据并返回，tail(1)
    candle_begin_time_GMT8    open    high     low   close   volume
999    2019-03-09 18:15:00  140.96  140.96  140.95  140.95  3.41188
2019-03-09 18:15:26,994 tasks_main.py DEBUG    utils        [line:70]  df_signal tail(3): 
     candle_begin_time_GMT8    open    high     low   close       volume      bbPb  signal  pos
996    2019-03-09 17:30:00  140.59  140.82  140.57  140.69   478.306386  0.673361     NaN  0.0
997    2019-03-09 17:45:00  140.65  140.79  140.50  140.52   369.169730  0.655209     NaN  0.0
998    2019-03-09 18:00:00  140.52  141.16  140.52  140.95  1649.339716  0.692392     NaN  0.0
2019-03-09 18:15:27,010 tasks_main.py INFO     utils        [line:73]  当前最新数据时间 2019-03-09 18:15:00
2019-03-09 18:15:27,010 tasks_main.py INFO     utils        [line:74]  当前交易信号为:nan
2019-03-09 18:15:27,010 tasks_main.py INFO     utils        [line:75]  前一刻理论持仓为:0.0
2019-03-09 18:15:27,010 tasks_main.py DEBUG    utils        [line:82]  ----------group line-------------
2019-03-09 18:15:27,010 utils.py DEBUG    utils        [line:55]  下次运行时间2019-03-09 18:30:00
2019-03-09 18:25:38,010 utils.py DEBUG    utils        [line:55]  下次运行时间2019-03-09 18:30:00
2019-03-09 18:28:41,010 utils.py DEBUG    utils        [line:55]  下次运行时间2019-03-09 18:30:00
2019-03-09 18:29:36,010 utils.py DEBUG    utils        [line:55]  下次运行时间2019-03-09 18:30:00
2019-03-09 18:29:36,010 tasks_main.py DEBUG    utils        [line:57]  马上到点，启动高频检测数据[间隔50s]
2019-03-09 18:29:36,010 k_lines.py DEBUG    utils        [line:55]  next data time(1): 2019-03-09 18:30:00
2019-03-09 18:30:26,275 k_lines.py DEBUG    utils        [line:55]  next data time(2): 2019-03-09 18:30:00
2019-03-09 18:30:26,572 k_lines.py DEBUG    utils        [line:75]  侦测到最新数据并返回，tail(1)
    candle_begin_time_GMT8    open    high     low   close    volume
999    2019-03-09 18:30:00  140.79  140.79  140.79  140.79  0.456233
2019-03-09 18:30:26,744 tasks_main.py DEBUG    utils        [line:70]  df_signal tail(3): 
     candle_begin_time_GMT8    open    high     low   close       volume      bbPb  signal  pos
996    2019-03-09 17:45:00  140.65  140.79  140.50  140.52   369.169730  0.655209     NaN  0.0
997    2019-03-09 18:00:00  140.52  141.16  140.52  140.95  1649.339716  0.692392     NaN  0.0
998    2019-03-09 18:15:00  140.96  140.98  140.80  140.80   398.106926  0.675318     NaN  0.0
2019-03-09 18:30:26,760 tasks_main.py INFO     utils        [line:73]  当前最新数据时间 2019-03-09 18:30:00
2019-03-09 18:30:26,760 tasks_main.py INFO     utils        [line:74]  当前交易信号为:nan
2019-03-09 18:30:26,760 tasks_main.py INFO     utils        [line:75]  前一刻理论持仓为:0.0
2019-03-09 18:30:26,760 tasks_main.py DEBUG    utils        [line:82]  ----------group line-------------
2019-03-09 18:30:26,760 utils.py DEBUG    utils        [line:55]  下次运行时间2019-03-09 18:45:00
